12:21:06 **** Incremental Build of configuration Release for project STM32F429I_DISC ****
make -j24 all 
arm-none-eabi-gcc "../Core/Src/main.c" -mcpu=cortex-m4 -std=gnu11 -DUSE_HAL_DRIVER -DSTM32F429xx -c -I../Core/Inc -I../USB_HOST/App -I../USB_HOST/Target -I../Drivers/STM32F4xx_HAL_Driver/Inc -I../Drivers/STM32F4xx_HAL_Driver/Inc/Legacy -I../Middlewares/Third_Party/FreeRTOS/Source/include -I../Middlewares/Third_Party/FreeRTOS/Source/CMSIS_RTOS -I../Middlewares/Third_Party/FreeRTOS/Source/portable/GCC/ARM_CM4F -I../Middlewares/ST/STM32_USB_Host_Library/Core/Inc -I../Middlewares/ST/STM32_USB_Host_Library/Class/CDC/Inc -I../Drivers/CMSIS/Device/ST/STM32F4xx/Include -I../Drivers/CMSIS/Include -Os -ffunction-sections -fdata-sections -Wall -fstack-usage -fcyclomatic-complexity -MMD -MP -MF"Core/Src/main.d" -MT"Core/Src/main.o" --specs=nano.specs -mfpu=fpv4-sp-d16 -mfloat-abi=hard -mthumb -o "Core/Src/main.o"
../Core/Src/main.c: In function 'main':
../Core/Src/main.c:179:14: warning: format '%d' expects argument of type 'int', but argument 2 has type 'uint32_t' {aka 'long unsigned int'} [-Wformat=]
  179 |     printf("%d\n\r",audio_buffer[i]);
      |             ~^      ~~~~~~~~~~~~~~~
      |              |                  |
      |              int                uint32_t {aka long unsigned int}
      |             %ld
../Core/Src/main.c: In function 'MX_I2S3_Init':
../Core/Src/main.c:293:27: error: 'I2S_DATAFORMAT_16B_EXTEND' undeclared (first use in this function); did you mean 'I2S_DATAFORMAT_16B_EXTENDED'?
  293 |   hi2s3.Init.DataFormat = I2S_DATAFORMAT_16B_EXTEND;
      |                           ^~~~~~~~~~~~~~~~~~~~~~~~~
      |                           I2S_DATAFORMAT_16B_EXTENDED
../Core/Src/main.c:293:27: note: each undeclared identifier is reported only once for each function it appears in
make: *** [Core/Src/subdir.mk:40: Core/Src/main.o] Error 1
"make -j24 all" terminated with exit code 2. Build might be incomplete.
12:21:20 **** Incremental Build of configuration Debug for project STM32F429I_DISC ****
make -j24 all 
arm-none-eabi-gcc "../Core/Src/main.c" -mcpu=cortex-m4 -std=gnu11 -g3 -DDEBUG -DUSE_HAL_DRIVER -DSTM32F429xx -c -I../Core/Inc -I../USB_HOST/App -I../USB_HOST/Target -I../Drivers/STM32F4xx_HAL_Driver/Inc -I../Drivers/STM32F4xx_HAL_Driver/Inc/Legacy -I../Middlewares/Third_Party/FreeRTOS/Source/include -I../Middlewares/Third_Party/FreeRTOS/Source/CMSIS_RTOS -I../Middlewares/Third_Party/FreeRTOS/Source/portable/GCC/ARM_CM4F -I../Middlewares/ST/STM32_USB_Host_Library/Core/Inc -I../Middlewares/ST/STM32_USB_Host_Library/Class/CDC/Inc -I../Drivers/CMSIS/Device/ST/STM32F4xx/Include -I../Drivers/CMSIS/Include -O0 -ffunction-sections -fdata-sections -Wall -fstack-usage -fcyclomatic-complexity -MMD -MP -MF"Core/Src/main.d" -MT"Core/Src/main.o" --specs=nano.specs -mfpu=fpv4-sp-d16 -mfloat-abi=hard -mthumb -o "Core/Src/main.o"
../Core/Src/main.c: In function 'main':
../Core/Src/main.c:179:14: warning: format '%d' expects argument of type 'int', but argument 2 has type 'uint32_t' {aka 'long unsigned int'} [-Wformat=]
  179 |     printf("%d\n\r",audio_buffer[i]);
      |             ~^      ~~~~~~~~~~~~~~~
      |              |                  |
      |              int                uint32_t {aka long unsigned int}
      |             %ld
arm-none-eabi-gcc -o "STM32F429I_DISC.elf" @"objects.list"   -mcpu=cortex-m4 -T"C:\Users\andy\Desktop\CrySense\CrySense\STM32F429I_DISC\STM32F429ZITX_FLASH.ld" --specs=nosys.specs -Wl,-Map="STM32F429I_DISC.map" -Wl,--gc-sections -static --specs=nano.specs -mfpu=fpv4-sp-d16 -mfloat-abi=hard -mthumb -u _printf_float -u _scanf_float -Wl,--start-group -lc -lm -Wl,--end-group
Finished building target: STM32F429I_DISC.elf
 
arm-none-eabi-size   STM32F429I_DISC.elf 
arm-none-eabi-objdump -h -S  STM32F429I_DISC.elf  > "STM32F429I_DISC.list"
   text	   data	    bss	    dec	    hex	filename
  53472	    492	  19428	  73392	  11eb0	STM32F429I_DISC.elf
Finished building: default.size.stdout
 
Finished building: STM32F429I_DISC.list
 
12:22:11 **** Incremental Build of configuration Debug for project STM32F429I_DISC ****
make -j24 all 
arm-none-eabi-gcc "../Core/Src/main.c" -mcpu=cortex-m4 -std=gnu11 -g3 -DDEBUG -DUSE_HAL_DRIVER -DSTM32F429xx -c -I../Core/Inc -I../USB_HOST/App -I../USB_HOST/Target -I../Drivers/STM32F4xx_HAL_Driver/Inc -I../Drivers/STM32F4xx_HAL_Driver/Inc/Legacy -I../Middlewares/Third_Party/FreeRTOS/Source/include -I../Middlewares/Third_Party/FreeRTOS/Source/CMSIS_RTOS -I../Middlewares/Third_Party/FreeRTOS/Source/portable/GCC/ARM_CM4F -I../Middlewares/ST/STM32_USB_Host_Library/Core/Inc -I../Middlewares/ST/STM32_USB_Host_Library/Class/CDC/Inc -I../Drivers/CMSIS/Device/ST/STM32F4xx/Include -I../Drivers/CMSIS/Include -O0 -ffunction-sections -fdata-sections -Wall -fstack-usage -fcyclomatic-complexity -MMD -MP -MF"Core/Src/main.d" -MT"Core/Src/main.o" --specs=nano.specs -mfpu=fpv4-sp-d16 -mfloat-abi=hard -mthumb -o "Core/Src/main.o"
../Core/Src/main.c: In function 'main':
../Core/Src/main.c:179:14: warning: format '%f' expects argument of type 'double', but argument 2 has type 'uint32_t' {aka 'long unsigned int'} [-Wformat=]
  179 |     printf("%f\n\r",audio_buffer[i]);
      |             ~^      ~~~~~~~~~~~~~~~
      |              |                  |
      |              double             uint32_t {aka long unsigned int}
      |             %ld
arm-none-eabi-gcc -o "STM32F429I_DISC.elf" @"objects.list"   -mcpu=cortex-m4 -T"C:\Users\andy\Desktop\CrySense\CrySense\STM32F429I_DISC\STM32F429ZITX_FLASH.ld" --specs=nosys.specs -Wl,-Map="STM32F429I_DISC.map" -Wl,--gc-sections -static --specs=nano.specs -mfpu=fpv4-sp-d16 -mfloat-abi=hard -mthumb -u _printf_float -u _scanf_float -Wl,--start-group -lc -lm -Wl,--end-group
Finished building target: STM32F429I_DISC.elf
 
arm-none-eabi-size   STM32F429I_DISC.elf 
arm-none-eabi-objdump -h -S  STM32F429I_DISC.elf  > "STM32F429I_DISC.list"
   text	   data	    bss	    dec	    hex	filename
  53472	    492	  19428	  73392	  11eb0	STM32F429I_DISC.elf
Finished building: default.size.stdout
 
Finished building: STM32F429I_DISC.list
 
15:09:20 **** Incremental Build of configuration Debug for project STM32F429I_DISC ****
make -j24 all 
arm-none-eabi-gcc "../Core/Src/main.c" -mcpu=cortex-m4 -std=gnu11 -g3 -DDEBUG -DUSE_HAL_DRIVER -DSTM32F429xx -c -I../Core/Inc -I../USB_HOST/App -I../USB_HOST/Target -I../Drivers/STM32F4xx_HAL_Driver/Inc -I../Drivers/STM32F4xx_HAL_Driver/Inc/Legacy -I../Middlewares/Third_Party/FreeRTOS/Source/include -I../Middlewares/Third_Party/FreeRTOS/Source/CMSIS_RTOS -I../Middlewares/Third_Party/FreeRTOS/Source/portable/GCC/ARM_CM4F -I../Middlewares/ST/STM32_USB_Host_Library/Core/Inc -I../Middlewares/ST/STM32_USB_Host_Library/Class/CDC/Inc -I../Drivers/CMSIS/Device/ST/STM32F4xx/Include -I../Drivers/CMSIS/Include -O0 -ffunction-sections -fdata-sections -Wall -fstack-usage -fcyclomatic-complexity -MMD -MP -MF"Core/Src/main.d" -MT"Core/Src/main.o" --specs=nano.specs -mfpu=fpv4-sp-d16 -mfloat-abi=hard -mthumb -o "Core/Src/main.o"
../Core/Src/main.c: In function 'main':
../Core/Src/main.c:179:14: warning: format '%d' expects argument of type 'int', but argument 2 has type 'uint32_t' {aka 'long unsigned int'} [-Wformat=]
  179 |     printf("%d\n\r",audio_buffer[i]);
      |             ~^      ~~~~~~~~~~~~~~~
      |              |                  |
      |              int                uint32_t {aka long unsigned int}
      |             %ld
arm-none-eabi-gcc -o "STM32F429I_DISC.elf" @"objects.list"   -mcpu=cortex-m4 -T"C:\Users\andy\Desktop\CrySense\CrySense\STM32F429I_DISC\STM32F429ZITX_FLASH.ld" --specs=nosys.specs -Wl,-Map="STM32F429I_DISC.map" -Wl,--gc-sections -static --specs=nano.specs -mfpu=fpv4-sp-d16 -mfloat-abi=hard -mthumb -u _printf_float -u _scanf_float -Wl,--start-group -lc -lm -Wl,--end-group
Finished building target: STM32F429I_DISC.elf
 
arm-none-eabi-size   STM32F429I_DISC.elf 
arm-none-eabi-objdump -h -S  STM32F429I_DISC.elf  > "STM32F429I_DISC.list"
   text	   data	    bss	    dec	    hex	filename
  53472	    492	  19428	  73392	  11eb0	STM32F429I_DISC.elf
Finished building: default.size.stdout
 
Finished building: STM32F429I_DISC.list
 
15:11:33 **** Incremental Build of configuration Debug for project STM32F429I_DISC ****
make -j24 all 
arm-none-eabi-size   STM32F429I_DISC.elf 
   text	   data	    bss	    dec	    hex	filename
  53472	    492	  19428	  73392	  11eb0	STM32F429I_DISC.elf
Finished building: default.size.stdout
 
15:13:30 **** Incremental Build of configuration Debug for project STM32F429I_DISC ****
make -j24 all 
arm-none-eabi-gcc "../Core/Src/main.c" -mcpu=cortex-m4 -std=gnu11 -g3 -DDEBUG -DUSE_HAL_DRIVER -DSTM32F429xx -c -I../Core/Inc -I../USB_HOST/App -I../USB_HOST/Target -I../Drivers/STM32F4xx_HAL_Driver/Inc -I../Drivers/STM32F4xx_HAL_Driver/Inc/Legacy -I../Middlewares/Third_Party/FreeRTOS/Source/include -I../Middlewares/Third_Party/FreeRTOS/Source/CMSIS_RTOS -I../Middlewares/Third_Party/FreeRTOS/Source/portable/GCC/ARM_CM4F -I../Middlewares/ST/STM32_USB_Host_Library/Core/Inc -I../Middlewares/ST/STM32_USB_Host_Library/Class/CDC/Inc -I../Drivers/CMSIS/Device/ST/STM32F4xx/Include -I../Drivers/CMSIS/Include -O0 -ffunction-sections -fdata-sections -Wall -fstack-usage -fcyclomatic-complexity -MMD -MP -MF"Core/Src/main.d" -MT"Core/Src/main.o" --specs=nano.specs -mfpu=fpv4-sp-d16 -mfloat-abi=hard -mthumb -o "Core/Src/main.o"
../Core/Src/main.c: In function 'main':
../Core/Src/main.c:179:14: warning: format '%d' expects argument of type 'int', but argument 2 has type 'uint32_t' {aka 'long unsigned int'} [-Wformat=]
  179 |     printf("%d\n\r",audio_buffer[i]);
      |             ~^      ~~~~~~~~~~~~~~~
      |              |                  |
      |              int                uint32_t {aka long unsigned int}
      |             %ld
arm-none-eabi-gcc -o "STM32F429I_DISC.elf" @"objects.list"   -mcpu=cortex-m4 -T"C:\Users\andy\Desktop\CrySense\CrySense\STM32F429I_DISC\STM32F429ZITX_FLASH.ld" --specs=nosys.specs -Wl,-Map="STM32F429I_DISC.map" -Wl,--gc-sections -static --specs=nano.specs -mfpu=fpv4-sp-d16 -mfloat-abi=hard -mthumb -u _printf_float -u _scanf_float -Wl,--start-group -lc -lm -Wl,--end-group
Finished building target: STM32F429I_DISC.elf
 
arm-none-eabi-size   STM32F429I_DISC.elf 
arm-none-eabi-objdump -h -S  STM32F429I_DISC.elf  > "STM32F429I_DISC.list"
   text	   data	    bss	    dec	    hex	filename
  53472	    492	  19428	  73392	  11eb0	STM32F429I_DISC.elf
Finished building: default.size.stdout
 
Finished building: STM32F429I_DISC.list
 
15:14:21 **** Incremental Build of configuration Debug for project STM32F429I_DISC ****
make -j24 all 
arm-none-eabi-gcc "../Core/Src/main.c" -mcpu=cortex-m4 -std=gnu11 -g3 -DDEBUG -DUSE_HAL_DRIVER -DSTM32F429xx -c -I../Core/Inc -I../USB_HOST/App -I../USB_HOST/Target -I../Drivers/STM32F4xx_HAL_Driver/Inc -I../Drivers/STM32F4xx_HAL_Driver/Inc/Legacy -I../Middlewares/Third_Party/FreeRTOS/Source/include -I../Middlewares/Third_Party/FreeRTOS/Source/CMSIS_RTOS -I../Middlewares/Third_Party/FreeRTOS/Source/portable/GCC/ARM_CM4F -I../Middlewares/ST/STM32_USB_Host_Library/Core/Inc -I../Middlewares/ST/STM32_USB_Host_Library/Class/CDC/Inc -I../Drivers/CMSIS/Device/ST/STM32F4xx/Include -I../Drivers/CMSIS/Include -O0 -ffunction-sections -fdata-sections -Wall -fstack-usage -fcyclomatic-complexity -MMD -MP -MF"Core/Src/main.d" -MT"Core/Src/main.o" --specs=nano.specs -mfpu=fpv4-sp-d16 -mfloat-abi=hard -mthumb -o "Core/Src/main.o"
../Core/Src/main.c: In function 'main':
../Core/Src/main.c:179:14: warning: format '%d' expects argument of type 'int', but argument 2 has type 'uint32_t' {aka 'long unsigned int'} [-Wformat=]
  179 |     printf("%d\n\r",audio_buffer[i]);
      |             ~^      ~~~~~~~~~~~~~~~
      |              |                  |
      |              int                uint32_t {aka long unsigned int}
      |             %ld
arm-none-eabi-gcc -o "STM32F429I_DISC.elf" @"objects.list"   -mcpu=cortex-m4 -T"C:\Users\andy\Desktop\CrySense\CrySense\STM32F429I_DISC\STM32F429ZITX_FLASH.ld" --specs=nosys.specs -Wl,-Map="STM32F429I_DISC.map" -Wl,--gc-sections -static --specs=nano.specs -mfpu=fpv4-sp-d16 -mfloat-abi=hard -mthumb -u _printf_float -u _scanf_float -Wl,--start-group -lc -lm -Wl,--end-group
Finished building target: STM32F429I_DISC.elf
 
arm-none-eabi-size   STM32F429I_DISC.elf 
arm-none-eabi-objdump -h -S  STM32F429I_DISC.elf  > "STM32F429I_DISC.list"
   text	   data	    bss	    dec	    hex	filename
  53472	    492	  19428	  73392	  11eb0	STM32F429I_DISC.elf
Finished building: default.size.stdout
 
Finished building: STM32F429I_DISC.list
 
15:18:30 **** Incremental Build of configuration Debug for project STM32F429I_DISC ****
make -j24 all 
arm-none-eabi-gcc "../Core/Src/main.c" -mcpu=cortex-m4 -std=gnu11 -g3 -DDEBUG -DUSE_HAL_DRIVER -DSTM32F429xx -c -I../Core/Inc -I../USB_HOST/App -I../USB_HOST/Target -I../Drivers/STM32F4xx_HAL_Driver/Inc -I../Drivers/STM32F4xx_HAL_Driver/Inc/Legacy -I../Middlewares/Third_Party/FreeRTOS/Source/include -I../Middlewares/Third_Party/FreeRTOS/Source/CMSIS_RTOS -I../Middlewares/Third_Party/FreeRTOS/Source/portable/GCC/ARM_CM4F -I../Middlewares/ST/STM32_USB_Host_Library/Core/Inc -I../Middlewares/ST/STM32_USB_Host_Library/Class/CDC/Inc -I../Drivers/CMSIS/Device/ST/STM32F4xx/Include -I../Drivers/CMSIS/Include -O0 -ffunction-sections -fdata-sections -Wall -fstack-usage -fcyclomatic-complexity -MMD -MP -MF"Core/Src/main.d" -MT"Core/Src/main.o" --specs=nano.specs -mfpu=fpv4-sp-d16 -mfloat-abi=hard -mthumb -o "Core/Src/main.o"
../Core/Src/main.c: In function 'main':
../Core/Src/main.c:179:14: warning: format '%d' expects argument of type 'int', but argument 2 has type 'uint32_t' {aka 'long unsigned int'} [-Wformat=]
  179 |     printf("%d\n\r",audio_buffer[i]);
      |             ~^      ~~~~~~~~~~~~~~~
      |              |                  |
      |              int                uint32_t {aka long unsigned int}
      |             %ld
arm-none-eabi-gcc -o "STM32F429I_DISC.elf" @"objects.list"   -mcpu=cortex-m4 -T"C:\Users\andy\Desktop\CrySense\CrySense\STM32F429I_DISC\STM32F429ZITX_FLASH.ld" --specs=nosys.specs -Wl,-Map="STM32F429I_DISC.map" -Wl,--gc-sections -static --specs=nano.specs -mfpu=fpv4-sp-d16 -mfloat-abi=hard -mthumb -u _printf_float -u _scanf_float -Wl,--start-group -lc -lm -Wl,--end-group
Finished building target: STM32F429I_DISC.elf
 
arm-none-eabi-size   STM32F429I_DISC.elf 
arm-none-eabi-objdump -h -S  STM32F429I_DISC.elf  > "STM32F429I_DISC.list"
   text	   data	    bss	    dec	    hex	filename
  53472	    492	   3084	  57048	   ded8	STM32F429I_DISC.elf
Finished building: default.size.stdout
 
Finished building: STM32F429I_DISC.list
 
15:18:51 **** Incremental Build of configuration Debug for project STM32F429I_DISC ****
make -j24 all 
arm-none-eabi-gcc "../Core/Src/main.c" -mcpu=cortex-m4 -std=gnu11 -g3 -DDEBUG -DUSE_HAL_DRIVER -DSTM32F429xx -c -I../Core/Inc -I../USB_HOST/App -I../USB_HOST/Target -I../Drivers/STM32F4xx_HAL_Driver/Inc -I../Drivers/STM32F4xx_HAL_Driver/Inc/Legacy -I../Middlewares/Third_Party/FreeRTOS/Source/include -I../Middlewares/Third_Party/FreeRTOS/Source/CMSIS_RTOS -I../Middlewares/Third_Party/FreeRTOS/Source/portable/GCC/ARM_CM4F -I../Middlewares/ST/STM32_USB_Host_Library/Core/Inc -I../Middlewares/ST/STM32_USB_Host_Library/Class/CDC/Inc -I../Drivers/CMSIS/Device/ST/STM32F4xx/Include -I../Drivers/CMSIS/Include -O0 -ffunction-sections -fdata-sections -Wall -fstack-usage -fcyclomatic-complexity -MMD -MP -MF"Core/Src/main.d" -MT"Core/Src/main.o" --specs=nano.specs -mfpu=fpv4-sp-d16 -mfloat-abi=hard -mthumb -o "Core/Src/main.o"
../Core/Src/main.c: In function 'main':
../Core/Src/main.c:179:14: warning: format '%d' expects argument of type 'int', but argument 2 has type 'uint32_t' {aka 'long unsigned int'} [-Wformat=]
  179 |     printf("%d\n\r",audio_buffer[i]);
      |             ~^      ~~~~~~~~~~~~~~~
      |              |                  |
      |              int                uint32_t {aka long unsigned int}
      |             %ld
arm-none-eabi-gcc -o "STM32F429I_DISC.elf" @"objects.list"   -mcpu=cortex-m4 -T"C:\Users\andy\Desktop\CrySense\CrySense\STM32F429I_DISC\STM32F429ZITX_FLASH.ld" --specs=nosys.specs -Wl,-Map="STM32F429I_DISC.map" -Wl,--gc-sections -static --specs=nano.specs -mfpu=fpv4-sp-d16 -mfloat-abi=hard -mthumb -u _printf_float -u _scanf_float -Wl,--start-group -lc -lm -Wl,--end-group
Finished building target: STM32F429I_DISC.elf
 
arm-none-eabi-size   STM32F429I_DISC.elf 
arm-none-eabi-objdump -h -S  STM32F429I_DISC.elf  > "STM32F429I_DISC.list"
   text	   data	    bss	    dec	    hex	filename
  53472	    492	   3044	  57008	   deb0	STM32F429I_DISC.elf
Finished building: default.size.stdout
 
Finished building: STM32F429I_DISC.list
 
15:36:20 **** Incremental Build of configuration Debug for project STM32F429I_DISC ****
make -j24 all 
arm-none-eabi-gcc "../Core/Src/main.c" -mcpu=cortex-m4 -std=gnu11 -g3 -DDEBUG -DUSE_HAL_DRIVER -DSTM32F429xx -c -I../Core/Inc -I../USB_HOST/App -I../USB_HOST/Target -I../Drivers/STM32F4xx_HAL_Driver/Inc -I../Drivers/STM32F4xx_HAL_Driver/Inc/Legacy -I../Middlewares/Third_Party/FreeRTOS/Source/include -I../Middlewares/Third_Party/FreeRTOS/Source/CMSIS_RTOS -I../Middlewares/Third_Party/FreeRTOS/Source/portable/GCC/ARM_CM4F -I../Middlewares/ST/STM32_USB_Host_Library/Core/Inc -I../Middlewares/ST/STM32_USB_Host_Library/Class/CDC/Inc -I../Drivers/CMSIS/Device/ST/STM32F4xx/Include -I../Drivers/CMSIS/Include -O0 -ffunction-sections -fdata-sections -Wall -fstack-usage -fcyclomatic-complexity -MMD -MP -MF"Core/Src/main.d" -MT"Core/Src/main.o" --specs=nano.specs -mfpu=fpv4-sp-d16 -mfloat-abi=hard -mthumb -o "Core/Src/main.o"
../Core/Src/main.c: In function 'main':
../Core/Src/main.c:179:14: warning: format '%d' expects argument of type 'int', but argument 2 has type 'uint32_t' {aka 'long unsigned int'} [-Wformat=]
  179 |     printf("%d",audio_buffer[i]);
      |             ~^  ~~~~~~~~~~~~~~~
      |              |              |
      |              int            uint32_t {aka long unsigned int}
      |             %ld
arm-none-eabi-gcc -o "STM32F429I_DISC.elf" @"objects.list"   -mcpu=cortex-m4 -T"C:\Users\andy\Desktop\CrySense\CrySense\STM32F429I_DISC\STM32F429ZITX_FLASH.ld" --specs=nosys.specs -Wl,-Map="STM32F429I_DISC.map" -Wl,--gc-sections -static --specs=nano.specs -mfpu=fpv4-sp-d16 -mfloat-abi=hard -mthumb -u _printf_float -u _scanf_float -Wl,--start-group -lc -lm -Wl,--end-group
Finished building target: STM32F429I_DISC.elf
 
arm-none-eabi-size   STM32F429I_DISC.elf 
arm-none-eabi-objdump -h -S  STM32F429I_DISC.elf  > "STM32F429I_DISC.list"
   text	   data	    bss	    dec	    hex	filename
  53464	    492	   3044	  57000	   dea8	STM32F429I_DISC.elf
Finished building: default.size.stdout
 
Finished building: STM32F429I_DISC.list
 
15:40:22 **** Incremental Build of configuration Debug for project STM32F429I_DISC ****
make -j24 all 
arm-none-eabi-gcc "../Core/Src/main.c" -mcpu=cortex-m4 -std=gnu11 -g3 -DDEBUG -DUSE_HAL_DRIVER -DSTM32F429xx -c -I../Core/Inc -I../USB_HOST/App -I../USB_HOST/Target -I../Drivers/STM32F4xx_HAL_Driver/Inc -I../Drivers/STM32F4xx_HAL_Driver/Inc/Legacy -I../Middlewares/Third_Party/FreeRTOS/Source/include -I../Middlewares/Third_Party/FreeRTOS/Source/CMSIS_RTOS -I../Middlewares/Third_Party/FreeRTOS/Source/portable/GCC/ARM_CM4F -I../Middlewares/ST/STM32_USB_Host_Library/Core/Inc -I../Middlewares/ST/STM32_USB_Host_Library/Class/CDC/Inc -I../Drivers/CMSIS/Device/ST/STM32F4xx/Include -I../Drivers/CMSIS/Include -O0 -ffunction-sections -fdata-sections -Wall -fstack-usage -fcyclomatic-complexity -MMD -MP -MF"Core/Src/main.d" -MT"Core/Src/main.o" --specs=nano.specs -mfpu=fpv4-sp-d16 -mfloat-abi=hard -mthumb -o "Core/Src/main.o"
../Core/Src/main.c: In function 'main':
../Core/Src/main.c:179:14: warning: format '%u' expects argument of type 'unsigned int', but argument 2 has type 'uint32_t' {aka 'long unsigned int'} [-Wformat=]
  179 |     printf("%u\n",audio_buffer[i]);
      |             ~^    ~~~~~~~~~~~~~~~
      |              |                |
      |              unsigned int     uint32_t {aka long unsigned int}
      |             %lu
arm-none-eabi-gcc -o "STM32F429I_DISC.elf" @"objects.list"   -mcpu=cortex-m4 -T"C:\Users\andy\Desktop\CrySense\CrySense\STM32F429I_DISC\STM32F429ZITX_FLASH.ld" --specs=nosys.specs -Wl,-Map="STM32F429I_DISC.map" -Wl,--gc-sections -static --specs=nano.specs -mfpu=fpv4-sp-d16 -mfloat-abi=hard -mthumb -u _printf_float -u _scanf_float -Wl,--start-group -lc -lm -Wl,--end-group
Finished building target: STM32F429I_DISC.elf
 
arm-none-eabi-size   STM32F429I_DISC.elf 
arm-none-eabi-objdump -h -S  STM32F429I_DISC.elf  > "STM32F429I_DISC.list"
   text	   data	    bss	    dec	    hex	filename
  53464	    492	   3044	  57000	   dea8	STM32F429I_DISC.elf
Finished building: default.size.stdout
 
Finished building: STM32F429I_DISC.list
 
15:52:03 **** Incremental Build of configuration Debug for project STM32F429I_DISC ****
make -j24 all 
arm-none-eabi-gcc "../Core/Src/main.c" -mcpu=cortex-m4 -std=gnu11 -g3 -DDEBUG -DUSE_HAL_DRIVER -DSTM32F429xx -c -I../Core/Inc -I../USB_HOST/App -I../USB_HOST/Target -I../Drivers/STM32F4xx_HAL_Driver/Inc -I../Drivers/STM32F4xx_HAL_Driver/Inc/Legacy -I../Middlewares/Third_Party/FreeRTOS/Source/include -I../Middlewares/Third_Party/FreeRTOS/Source/CMSIS_RTOS -I../Middlewares/Third_Party/FreeRTOS/Source/portable/GCC/ARM_CM4F -I../Middlewares/ST/STM32_USB_Host_Library/Core/Inc -I../Middlewares/ST/STM32_USB_Host_Library/Class/CDC/Inc -I../Drivers/CMSIS/Device/ST/STM32F4xx/Include -I../Drivers/CMSIS/Include -O0 -ffunction-sections -fdata-sections -Wall -fstack-usage -fcyclomatic-complexity -MMD -MP -MF"Core/Src/main.d" -MT"Core/Src/main.o" --specs=nano.specs -mfpu=fpv4-sp-d16 -mfloat-abi=hard -mthumb -o "Core/Src/main.o"
../Core/Src/main.c: In function 'main':
../Core/Src/main.c:179:14: warning: format '%u' expects argument of type 'unsigned int', but argument 2 has type 'uint32_t' {aka 'long unsigned int'} [-Wformat=]
  179 |     printf("%u\n",audio_buffer[i]);
      |             ~^    ~~~~~~~~~~~~~~~
      |              |                |
      |              unsigned int     uint32_t {aka long unsigned int}
      |             %lu
arm-none-eabi-gcc -o "STM32F429I_DISC.elf" @"objects.list"   -mcpu=cortex-m4 -T"C:\Users\andy\Desktop\CrySense\CrySense\STM32F429I_DISC\STM32F429ZITX_FLASH.ld" --specs=nosys.specs -Wl,-Map="STM32F429I_DISC.map" -Wl,--gc-sections -static --specs=nano.specs -mfpu=fpv4-sp-d16 -mfloat-abi=hard -mthumb -u _printf_float -u _scanf_float -Wl,--start-group -lc -lm -Wl,--end-group
Finished building target: STM32F429I_DISC.elf
 
arm-none-eabi-size   STM32F429I_DISC.elf 
arm-none-eabi-objdump -h -S  STM32F429I_DISC.elf  > "STM32F429I_DISC.list"
   text	   data	    bss	    dec	    hex	filename
  53464	    492	   3044	  57000	   dea8	STM32F429I_DISC.elf
Finished building: default.size.stdout
 
Finished building: STM32F429I_DISC.list
 
15:56:13 **** Incremental Build of configuration Debug for project STM32F429I_DISC ****
make -j24 all 
arm-none-eabi-gcc "../Core/Src/main.c" -mcpu=cortex-m4 -std=gnu11 -g3 -DDEBUG -DUSE_HAL_DRIVER -DSTM32F429xx -c -I../Core/Inc -I../USB_HOST/App -I../USB_HOST/Target -I../Drivers/STM32F4xx_HAL_Driver/Inc -I../Drivers/STM32F4xx_HAL_Driver/Inc/Legacy -I../Middlewares/Third_Party/FreeRTOS/Source/include -I../Middlewares/Third_Party/FreeRTOS/Source/CMSIS_RTOS -I../Middlewares/Third_Party/FreeRTOS/Source/portable/GCC/ARM_CM4F -I../Middlewares/ST/STM32_USB_Host_Library/Core/Inc -I../Middlewares/ST/STM32_USB_Host_Library/Class/CDC/Inc -I../Drivers/CMSIS/Device/ST/STM32F4xx/Include -I../Drivers/CMSIS/Include -O0 -ffunction-sections -fdata-sections -Wall -fstack-usage -fcyclomatic-complexity -MMD -MP -MF"Core/Src/main.d" -MT"Core/Src/main.o" --specs=nano.specs -mfpu=fpv4-sp-d16 -mfloat-abi=hard -mthumb -o "Core/Src/main.o"
../Core/Src/main.c: In function 'main':
../Core/Src/main.c:179:14: warning: format '%u' expects argument of type 'unsigned int', but argument 2 has type 'uint32_t' {aka 'long unsigned int'} [-Wformat=]
  179 |     printf("%u\n",audio_buffer[i]);
      |             ~^    ~~~~~~~~~~~~~~~
      |              |                |
      |              unsigned int     uint32_t {aka long unsigned int}
      |             %lu
arm-none-eabi-gcc -o "STM32F429I_DISC.elf" @"objects.list"   -mcpu=cortex-m4 -T"C:\Users\andy\Desktop\CrySense\CrySense\STM32F429I_DISC\STM32F429ZITX_FLASH.ld" --specs=nosys.specs -Wl,-Map="STM32F429I_DISC.map" -Wl,--gc-sections -static --specs=nano.specs -mfpu=fpv4-sp-d16 -mfloat-abi=hard -mthumb -u _printf_float -u _scanf_float -Wl,--start-group -lc -lm -Wl,--end-group
Finished building target: STM32F429I_DISC.elf
 
arm-none-eabi-size   STM32F429I_DISC.elf 
arm-none-eabi-objdump -h -S  STM32F429I_DISC.elf  > "STM32F429I_DISC.list"
   text	   data	    bss	    dec	    hex	filename
  53464	    492	   3444	  57400	   e038	STM32F429I_DISC.elf
Finished building: default.size.stdout
 
Finished building: STM32F429I_DISC.list
 
16:12:33 **** Incremental Build of configuration Debug for project STM32F429I_DISC ****
make -j24 all 
arm-none-eabi-gcc "../Core/Src/main.c" -mcpu=cortex-m4 -std=gnu11 -g3 -DDEBUG -DUSE_HAL_DRIVER -DSTM32F429xx -c -I../Core/Inc -I../USB_HOST/App -I../USB_HOST/Target -I../Drivers/STM32F4xx_HAL_Driver/Inc -I../Drivers/STM32F4xx_HAL_Driver/Inc/Legacy -I../Middlewares/Third_Party/FreeRTOS/Source/include -I../Middlewares/Third_Party/FreeRTOS/Source/CMSIS_RTOS -I../Middlewares/Third_Party/FreeRTOS/Source/portable/GCC/ARM_CM4F -I../Middlewares/ST/STM32_USB_Host_Library/Core/Inc -I../Middlewares/ST/STM32_USB_Host_Library/Class/CDC/Inc -I../Drivers/CMSIS/Device/ST/STM32F4xx/Include -I../Drivers/CMSIS/Include -O0 -ffunction-sections -fdata-sections -Wall -fstack-usage -fcyclomatic-complexity -MMD -MP -MF"Core/Src/main.d" -MT"Core/Src/main.o" --specs=nano.specs -mfpu=fpv4-sp-d16 -mfloat-abi=hard -mthumb -o "Core/Src/main.o"
../Core/Src/main.c: In function 'main':
../Core/Src/main.c:180:32: warning: passing argument 2 of 'HAL_UART_Transmit' from incompatible pointer type [-Wincompatible-pointer-types]
  180 |     HAL_UART_Transmit(&huart1, (uint16_t *) &audio_buffer[i], 1, HAL_MAX_DELAY);
      |                                ^~~~~~~~~~~~~~~~~~~~~~~~~~~~~
      |                                |
      |                                uint16_t * {aka short unsigned int *}
In file included from ../Core/Inc/stm32f4xx_hal_conf.h:411,
                 from ../Drivers/STM32F4xx_HAL_Driver/Inc/stm32f4xx_hal.h:29,
                 from ../Core/Inc/main.h:30,
                 from ../Core/Src/main.c:20:
../Drivers/STM32F4xx_HAL_Driver/Inc/stm32f4xx_hal_uart.h:722:79: note: expected 'const uint8_t *' {aka 'const unsigned char *'} but argument is of type 'uint16_t *' {aka 'short unsigned int *'}
  722 | HAL_StatusTypeDef HAL_UART_Transmit(UART_HandleTypeDef *huart, const uint8_t *pData, uint16_t Size, uint32_t Timeout);
      |                                                                ~~~~~~~~~~~~~~~^~~~~
arm-none-eabi-gcc -o "STM32F429I_DISC.elf" @"objects.list"   -mcpu=cortex-m4 -T"C:\Users\andy\Desktop\CrySense\CrySense\STM32F429I_DISC\STM32F429ZITX_FLASH.ld" --specs=nosys.specs -Wl,-Map="STM32F429I_DISC.map" -Wl,--gc-sections -static --specs=nano.specs -mfpu=fpv4-sp-d16 -mfloat-abi=hard -mthumb -u _printf_float -u _scanf_float -Wl,--start-group -lc -lm -Wl,--end-group
Finished building target: STM32F429I_DISC.elf
 
arm-none-eabi-size   STM32F429I_DISC.elf 
arm-none-eabi-objdump -h -S  STM32F429I_DISC.elf  > "STM32F429I_DISC.list"
   text	   data	    bss	    dec	    hex	filename
  53464	    492	   3244	  57200	   df70	STM32F429I_DISC.elf
Finished building: default.size.stdout
 
Finished building: STM32F429I_DISC.list
 
16:12:56 **** Incremental Build of configuration Debug for project STM32F429I_DISC ****
make -j24 all 
arm-none-eabi-size   STM32F429I_DISC.elf 
   text	   data	    bss	    dec	    hex	filename
  53464	    492	   3244	  57200	   df70	STM32F429I_DISC.elf
Finished building: default.size.stdout
 
16:13:25 **** Incremental Build of configuration Debug for project STM32F429I_DISC ****
make -j24 all 
arm-none-eabi-gcc "../Core/Src/main.c" -mcpu=cortex-m4 -std=gnu11 -g3 -DDEBUG -DUSE_HAL_DRIVER -DSTM32F429xx -c -I../Core/Inc -I../USB_HOST/App -I../USB_HOST/Target -I../Drivers/STM32F4xx_HAL_Driver/Inc -I../Drivers/STM32F4xx_HAL_Driver/Inc/Legacy -I../Middlewares/Third_Party/FreeRTOS/Source/include -I../Middlewares/Third_Party/FreeRTOS/Source/CMSIS_RTOS -I../Middlewares/Third_Party/FreeRTOS/Source/portable/GCC/ARM_CM4F -I../Middlewares/ST/STM32_USB_Host_Library/Core/Inc -I../Middlewares/ST/STM32_USB_Host_Library/Class/CDC/Inc -I../Drivers/CMSIS/Device/ST/STM32F4xx/Include -I../Drivers/CMSIS/Include -O0 -ffunction-sections -fdata-sections -Wall -fstack-usage -fcyclomatic-complexity -MMD -MP -MF"Core/Src/main.d" -MT"Core/Src/main.o" --specs=nano.specs -mfpu=fpv4-sp-d16 -mfloat-abi=hard -mthumb -o "Core/Src/main.o"
../Core/Src/main.c: In function 'main':
../Core/Src/main.c:180:32: warning: cast to pointer from integer of different size [-Wint-to-pointer-cast]
  180 |     HAL_UART_Transmit(&huart1, (uint16_t *) audio_buffer[i], 1, HAL_MAX_DELAY);
      |                                ^
../Core/Src/main.c:180:32: warning: passing argument 2 of 'HAL_UART_Transmit' from incompatible pointer type [-Wincompatible-pointer-types]
  180 |     HAL_UART_Transmit(&huart1, (uint16_t *) audio_buffer[i], 1, HAL_MAX_DELAY);
      |                                ^~~~~~~~~~~~~~~~~~~~~~~~~~~~
      |                                |
      |                                uint16_t * {aka short unsigned int *}
In file included from ../Core/Inc/stm32f4xx_hal_conf.h:411,
                 from ../Drivers/STM32F4xx_HAL_Driver/Inc/stm32f4xx_hal.h:29,
                 from ../Core/Inc/main.h:30,
                 from ../Core/Src/main.c:20:
../Drivers/STM32F4xx_HAL_Driver/Inc/stm32f4xx_hal_uart.h:722:79: note: expected 'const uint8_t *' {aka 'const unsigned char *'} but argument is of type 'uint16_t *' {aka 'short unsigned int *'}
  722 | HAL_StatusTypeDef HAL_UART_Transmit(UART_HandleTypeDef *huart, const uint8_t *pData, uint16_t Size, uint32_t Timeout);
      |                                                                ~~~~~~~~~~~~~~~^~~~~
arm-none-eabi-gcc -o "STM32F429I_DISC.elf" @"objects.list"   -mcpu=cortex-m4 -T"C:\Users\andy\Desktop\CrySense\CrySense\STM32F429I_DISC\STM32F429ZITX_FLASH.ld" --specs=nosys.specs -Wl,-Map="STM32F429I_DISC.map" -Wl,--gc-sections -static --specs=nano.specs -mfpu=fpv4-sp-d16 -mfloat-abi=hard -mthumb -u _printf_float -u _scanf_float -Wl,--start-group -lc -lm -Wl,--end-group
Finished building target: STM32F429I_DISC.elf
 
arm-none-eabi-size   STM32F429I_DISC.elf 
arm-none-eabi-objdump -h -S  STM32F429I_DISC.elf  > "STM32F429I_DISC.list"
   text	   data	    bss	    dec	    hex	filename
  53464	    492	   3244	  57200	   df70	STM32F429I_DISC.elf
Finished building: default.size.stdout
 
Finished building: STM32F429I_DISC.list
 
16:13:50 **** Incremental Build of configuration Debug for project STM32F429I_DISC ****
make -j24 all 
arm-none-eabi-gcc "../Core/Src/main.c" -mcpu=cortex-m4 -std=gnu11 -g3 -DDEBUG -DUSE_HAL_DRIVER -DSTM32F429xx -c -I../Core/Inc -I../USB_HOST/App -I../USB_HOST/Target -I../Drivers/STM32F4xx_HAL_Driver/Inc -I../Drivers/STM32F4xx_HAL_Driver/Inc/Legacy -I../Middlewares/Third_Party/FreeRTOS/Source/include -I../Middlewares/Third_Party/FreeRTOS/Source/CMSIS_RTOS -I../Middlewares/Third_Party/FreeRTOS/Source/portable/GCC/ARM_CM4F -I../Middlewares/ST/STM32_USB_Host_Library/Core/Inc -I../Middlewares/ST/STM32_USB_Host_Library/Class/CDC/Inc -I../Drivers/CMSIS/Device/ST/STM32F4xx/Include -I../Drivers/CMSIS/Include -O0 -ffunction-sections -fdata-sections -Wall -fstack-usage -fcyclomatic-complexity -MMD -MP -MF"Core/Src/main.d" -MT"Core/Src/main.o" --specs=nano.specs -mfpu=fpv4-sp-d16 -mfloat-abi=hard -mthumb -o "Core/Src/main.o"
arm-none-eabi-gcc -o "STM32F429I_DISC.elf" @"objects.list"   -mcpu=cortex-m4 -T"C:\Users\andy\Desktop\CrySense\CrySense\STM32F429I_DISC\STM32F429ZITX_FLASH.ld" --specs=nosys.specs -Wl,-Map="STM32F429I_DISC.map" -Wl,--gc-sections -static --specs=nano.specs -mfpu=fpv4-sp-d16 -mfloat-abi=hard -mthumb -u _printf_float -u _scanf_float -Wl,--start-group -lc -lm -Wl,--end-group
Finished building target: STM32F429I_DISC.elf
 
arm-none-eabi-size   STM32F429I_DISC.elf 
arm-none-eabi-objdump -h -S  STM32F429I_DISC.elf  > "STM32F429I_DISC.list"
   text	   data	    bss	    dec	    hex	filename
  53464	    492	   3244	  57200	   df70	STM32F429I_DISC.elf
Finished building: default.size.stdout
 
Finished building: STM32F429I_DISC.list
 
16:14:16 **** Incremental Build of configuration Debug for project STM32F429I_DISC ****
make -j24 all 
arm-none-eabi-gcc "../Core/Src/main.c" -mcpu=cortex-m4 -std=gnu11 -g3 -DDEBUG -DUSE_HAL_DRIVER -DSTM32F429xx -c -I../Core/Inc -I../USB_HOST/App -I../USB_HOST/Target -I../Drivers/STM32F4xx_HAL_Driver/Inc -I../Drivers/STM32F4xx_HAL_Driver/Inc/Legacy -I../Middlewares/Third_Party/FreeRTOS/Source/include -I../Middlewares/Third_Party/FreeRTOS/Source/CMSIS_RTOS -I../Middlewares/Third_Party/FreeRTOS/Source/portable/GCC/ARM_CM4F -I../Middlewares/ST/STM32_USB_Host_Library/Core/Inc -I../Middlewares/ST/STM32_USB_Host_Library/Class/CDC/Inc -I../Drivers/CMSIS/Device/ST/STM32F4xx/Include -I../Drivers/CMSIS/Include -O0 -ffunction-sections -fdata-sections -Wall -fstack-usage -fcyclomatic-complexity -MMD -MP -MF"Core/Src/main.d" -MT"Core/Src/main.o" --specs=nano.specs -mfpu=fpv4-sp-d16 -mfloat-abi=hard -mthumb -o "Core/Src/main.o"
arm-none-eabi-gcc -o "STM32F429I_DISC.elf" @"objects.list"   -mcpu=cortex-m4 -T"C:\Users\andy\Desktop\CrySense\CrySense\STM32F429I_DISC\STM32F429ZITX_FLASH.ld" --specs=nosys.specs -Wl,-Map="STM32F429I_DISC.map" -Wl,--gc-sections -static --specs=nano.specs -mfpu=fpv4-sp-d16 -mfloat-abi=hard -mthumb -u _printf_float -u _scanf_float -Wl,--start-group -lc -lm -Wl,--end-group
Finished building target: STM32F429I_DISC.elf
 
arm-none-eabi-size   STM32F429I_DISC.elf 
arm-none-eabi-objdump -h -S  STM32F429I_DISC.elf  > "STM32F429I_DISC.list"
   text	   data	    bss	    dec	    hex	filename
  53464	    492	   3844	  57800	   e1c8	STM32F429I_DISC.elf
Finished building: default.size.stdout
 
Finished building: STM32F429I_DISC.list
 
